<?xml version="1.0" encoding="UTF-8"?>
<!-- Generated by org.testng.reporters.JUnitReportReporter -->
<testsuite hostname="Khadizas-MacBook-Pro.local" failures="0" tests="1" name="Bootcamp.framework.pushpo.Bootcamp.framework.pushpo2021.Passenerinfo" time="81.245" errors="0" timestamp="2021-06-02T11:46:56 EDT" skipped="0">
  <testcase classname="Bootcamp.framework.pushpo.Bootcamp.framework.pushpo2021.Passenerinfo" name="f" time="81.245"/>
  <system-out/>
</testsuite> <!-- Bootcamp.framework.pushpo.Bootcamp.framework.pushpo2021.Passenerinfo -->
