<?xml version="1.0" encoding="UTF-8"?>
<!-- Generated by org.testng.reporters.JUnitReportReporter -->
<testsuite hostname="Khadizas-MacBook-Pro.local" failures="0" tests="1" name="Bootcamp.framework.pushpo.Bootcamp.framework.pushpo2021.AppTest" time="0.003" errors="0" timestamp="2021-06-02T18:12:09 EDT" skipped="0">
  <testcase classname="Bootcamp.framework.pushpo.Bootcamp.framework.pushpo2021.AppTest" name="shouldAnswerWithTrue" time="0.003"/>
  <system-out/>
</testsuite> <!-- Bootcamp.framework.pushpo.Bootcamp.framework.pushpo2021.AppTest -->
