<?xml version="1.0" encoding="UTF-8"?>
<!-- Generated by org.testng.reporters.JUnitReportReporter -->
<testsuite hostname="Khadizas-MacBook-Pro.local" failures="0" tests="4" name="Com.PeopleNTech.Frameworkpushpopractise.Com.PeopleNTech.Frameworkpushpo.API" time="2.183" errors="0" timestamp="2021-05-12T22:13:22 EDT" skipped="0">
  <testcase classname="Com.PeopleNTech.Frameworkpushpopractise.Com.PeopleNTech.Frameworkpushpo.API" name="f" time="0.096"/>
  <system-out/>
  <testcase classname="Com.PeopleNTech.Frameworkpushpopractise.Com.PeopleNTech.Frameworkpushpo.API" name="delete" time="0.322"/>
  <system-out/>
  <testcase classname="Com.PeopleNTech.Frameworkpushpopractise.Com.PeopleNTech.Frameworkpushpo.API" name="Post" time="1.478"/>
  <system-out/>
  <testcase classname="Com.PeopleNTech.Frameworkpushpopractise.Com.PeopleNTech.Frameworkpushpo.API" name="put" time="0.287"/>
  <system-out/>
</testsuite> <!-- Com.PeopleNTech.Frameworkpushpopractise.Com.PeopleNTech.Frameworkpushpo.API -->
