<?xml version="1.0" encoding="UTF-8"?>
<!-- Generated by org.testng.reporters.JUnitReportReporter -->
<testsuite hostname="Khadizas-MacBook-Pro.local" failures="0" tests="1" name="Com.PeopleNTech.Frameworkpushpopractise.Com.PeopleNTech.Frameworkpushpo.HomeDepotCreate1" time="34.160" errors="0" timestamp="2021-05-26T17:06:13 EDT" skipped="0">
  <testcase classname="Com.PeopleNTech.Frameworkpushpopractise.Com.PeopleNTech.Frameworkpushpo.HomeDepotCreate1" name="f" time="34.160"/>
  <system-out/>
</testsuite> <!-- Com.PeopleNTech.Frameworkpushpopractise.Com.PeopleNTech.Frameworkpushpo.HomeDepotCreate1 -->
